[debug] [2024-02-13T16:08:08.093Z] ----------------------------------------------------------------------
[debug] [2024-02-13T16:08:08.095Z] Command:       /usr/local/bin/node /usr/local/bin/firebase emulators:start --only functions
[debug] [2024-02-13T16:08:08.095Z] CLI Version:   13.0.3
[debug] [2024-02-13T16:08:08.095Z] Platform:      darwin
[debug] [2024-02-13T16:08:08.096Z] Node Version:  v20.9.0
[debug] [2024-02-13T16:08:08.096Z] Time:          Tue Feb 13 2024 17:08:08 GMT+0100 (GMT+01:00)
[debug] [2024-02-13T16:08:08.096Z] ----------------------------------------------------------------------
[debug] 
[debug] [2024-02-13T16:08:08.182Z] > command requires scopes: ["email","openid","https://www.googleapis.com/auth/cloudplatformprojects.readonly","https://www.googleapis.com/auth/firebase","https://www.googleapis.com/auth/cloud-platform"]
[debug] [2024-02-13T16:08:08.183Z] > authorizing via signed-in user (sergiopowerapp@gmail.com)
[info] i  emulators: Starting emulators: functions {"metadata":{"emulator":{"name":"hub"},"message":"Starting emulators: functions"}}
[debug] [2024-02-13T16:08:08.487Z] [logging] Logging Emulator only supports listening on one address (127.0.0.1). Not listening on ::1
[debug] [2024-02-13T16:08:08.487Z] assigned listening specs for emulators {"user":{"hub":[{"address":"127.0.0.1","family":"IPv4","port":4400},{"address":"::1","family":"IPv6","port":4400}],"ui":[{"address":"127.0.0.1","family":"IPv4","port":4000},{"address":"::1","family":"IPv6","port":4000}],"logging":[{"address":"127.0.0.1","family":"IPv4","port":4500}]},"metadata":{"message":"assigned listening specs for emulators"}}
[debug] [2024-02-13T16:08:08.493Z] [hub] writing locator at /var/folders/wx/ty16b__90rg8ncymxj13ftb80000gn/T/hub-avatar-b8859.json
[debug] [2024-02-13T16:08:08.693Z] [functions] Functions Emulator only supports listening on one address (127.0.0.1). Not listening on ::1
[debug] [2024-02-13T16:08:08.693Z] [eventarc] Eventarc Emulator only supports listening on one address (127.0.0.1). Not listening on ::1
[debug] [2024-02-13T16:08:08.694Z] late-assigned ports for functions and eventarc emulators {"user":{"hub":[{"address":"127.0.0.1","family":"IPv4","port":4400},{"address":"::1","family":"IPv6","port":4400}],"ui":[{"address":"127.0.0.1","family":"IPv4","port":4000},{"address":"::1","family":"IPv6","port":4000}],"logging":[{"address":"127.0.0.1","family":"IPv4","port":4500}],"functions":[{"address":"127.0.0.1","family":"IPv4","port":5001}],"eventarc":[{"address":"127.0.0.1","family":"IPv4","port":9299}]},"metadata":{"message":"late-assigned ports for functions and eventarc emulators"}}
[warn] ⚠  functions: The following emulators are not running, calls to these services from the Functions emulator will affect production: auth, firestore, database, hosting, pubsub, storage {"metadata":{"emulator":{"name":"functions"},"message":"The following emulators are not running, calls to these services from the Functions emulator will affect production: \u001b[1mauth, firestore, database, hosting, pubsub, storage\u001b[22m"}}
[debug] [2024-02-13T16:08:08.696Z] defaultcredentials: writing to file /Users/bogdansergiu/.config/firebase/sergiopowerapp_gmail_com_application_default_credentials.json
[debug] [2024-02-13T16:08:08.702Z] Setting GAC to /Users/bogdansergiu/.config/firebase/sergiopowerapp_gmail_com_application_default_credentials.json {"metadata":{"emulator":{"name":"functions"},"message":"Setting GAC to /Users/bogdansergiu/.config/firebase/sergiopowerapp_gmail_com_application_default_credentials.json"}}
[debug] [2024-02-13T16:08:08.703Z] >>> [apiv2][query] GET https://firebase.googleapis.com/v1beta1/projects/avatar-b8859/adminSdkConfig [none]
[debug] [2024-02-13T16:08:09.264Z] <<< [apiv2][status] GET https://firebase.googleapis.com/v1beta1/projects/avatar-b8859/adminSdkConfig 200
[debug] [2024-02-13T16:08:09.264Z] <<< [apiv2][body] GET https://firebase.googleapis.com/v1beta1/projects/avatar-b8859/adminSdkConfig {"projectId":"avatar-b8859","databaseURL":"https://avatar-b8859-default-rtdb.europe-west1.firebasedatabase.app","storageBucket":"avatar-b8859.appspot.com","locationId":"europe-west"}
[debug] [2024-02-13T16:08:09.281Z] Ignoring unsupported arg: auto_download {"metadata":{"emulator":{"name":"ui"},"message":"Ignoring unsupported arg: auto_download"}}
[debug] [2024-02-13T16:08:09.281Z] Ignoring unsupported arg: port {"metadata":{"emulator":{"name":"ui"},"message":"Ignoring unsupported arg: port"}}
[debug] [2024-02-13T16:08:09.281Z] Starting Emulator UI with command {"binary":"node","args":["/Users/bogdansergiu/.cache/firebase/emulators/ui-v1.11.7/server/server.js"],"optionalArgs":[],"joinArgs":false} {"metadata":{"emulator":{"name":"ui"},"message":"Starting Emulator UI with command {\"binary\":\"node\",\"args\":[\"/Users/bogdansergiu/.cache/firebase/emulators/ui-v1.11.7/server/server.js\"],\"optionalArgs\":[],\"joinArgs\":false}"}}
[info] i  ui: Emulator UI logging to ui-debug.log {"metadata":{"emulator":{"name":"ui"},"message":"Emulator UI logging to \u001b[1mui-debug.log\u001b[22m"}}
[debug] [2024-02-13T16:08:09.363Z] Web / API server started at 127.0.0.1:4000
 {"metadata":{"emulator":{"name":"ui"},"message":"Web / API server started at 127.0.0.1:4000\n"}}
[debug] [2024-02-13T16:08:09.363Z] Web / API server started at ::1:4000
 {"metadata":{"emulator":{"name":"ui"},"message":"Web / API server started at ::1:4000\n"}}
[info] i  functions: Watching "/Users/bogdansergiu/Documents/REPO/Avatar/functions" for Cloud Functions... {"metadata":{"emulator":{"name":"functions"},"message":"Watching \"/Users/bogdansergiu/Documents/REPO/Avatar/functions\" for Cloud Functions..."}}
[debug] [2024-02-13T16:08:09.542Z] Validating nodejs source
[debug] [2024-02-13T16:08:10.613Z] > [functions] package.json contents: {
  "name": "functions",
  "scripts": {
    "build": "tsc",
    "build:watch": "tsc --watch",
    "serve": "npm run build && firebase emulators:start --only functions",
    "shell": "npm run build && firebase functions:shell",
    "start": "npm run shell",
    "deploy": "firebase deploy --only functions",
    "logs": "firebase functions:log"
  },
  "engines": {
    "node": "20"
  },
  "main": "lib/index.js",
  "dependencies": {
    "firebase-admin": "^11.8.0",
    "firebase-functions": "^4.3.1"
  },
  "devDependencies": {
    "typescript": "^4.9.0",
    "firebase-functions-test": "^3.1.0"
  },
  "private": true
}
[debug] [2024-02-13T16:08:10.613Z] Building nodejs source
[debug] [2024-02-13T16:08:10.614Z] Failed to find version of module node: reached end of search path /Users/bogdansergiu/Documents/REPO/Avatar/functions/node_modules
[info] ✔  functions: Using node@20 from host. 
[debug] [2024-02-13T16:08:10.615Z] Could not find functions.yaml. Must use http discovery
[debug] [2024-02-13T16:08:10.619Z] Found firebase-functions binary at '/Users/bogdansergiu/Documents/REPO/Avatar/functions/node_modules/.bin/firebase-functions'
[info] Serving at port 8677

[debug] [2024-02-13T16:08:10.899Z] Got response from /__/functions.yaml {"endpoints":{"addmessage":{"availableMemoryMb":null,"timeoutSeconds":null,"minInstances":null,"maxInstances":null,"ingressSettings":null,"concurrency":null,"serviceAccountEmail":null,"vpc":null,"platform":"gcfv2","labels":{},"httpsTrigger":{},"entryPoint":"addmessage"},"makeuppercase":{"availableMemoryMb":null,"timeoutSeconds":null,"minInstances":null,"maxInstances":null,"ingressSettings":null,"concurrency":null,"serviceAccountEmail":null,"vpc":null,"platform":"gcfv2","labels":{},"eventTrigger":{"eventType":"google.cloud.firestore.document.v1.created","eventFilters":{"database":"(default)","namespace":"(default)"},"eventFilterPathPatterns":{"document":"messages/{documentId}"},"retry":false},"entryPoint":"makeuppercase"}},"specVersion":"v1alpha1","requiredAPIs":[]}
[info] ✔  functions: Loaded functions definitions from source: addmessage, makeuppercase. {"metadata":{"emulator":{"name":"functions"},"message":"Loaded functions definitions from source: addmessage, makeuppercase."}}
[info] ✔  functions[us-central1-addmessage]: http function initialized (http://127.0.0.1:5001/avatar-b8859/us-central1/addmessage). {"metadata":{"emulator":{"name":"functions"},"message":"\u001b[1mhttp\u001b[22m function initialized (http://127.0.0.1:5001/avatar-b8859/us-central1/addmessage)."}}
[info] i  functions[us-central1-makeuppercase]: function ignored because the firestore emulator does not exist or is not running. {"metadata":{"emulator":{"name":"functions"},"message":"function ignored because the firestore emulator does not exist or is not running."}}
[info] 
┌─────────────────────────────────────────────────────────────┐
│ ✔  All emulators ready! It is now safe to connect your app. │
│ i  View Emulator UI at http://127.0.0.1:4000/               │
└─────────────────────────────────────────────────────────────┘

┌───────────┬────────────────┬─────────────────────────────────┐
│ Emulator  │ Host:Port      │ View in Emulator UI             │
├───────────┼────────────────┼─────────────────────────────────┤
│ Functions │ 127.0.0.1:5001 │ http://127.0.0.1:4000/functions │
└───────────┴────────────────┴─────────────────────────────────┘
  Emulator Hub running at 127.0.0.1:4400
  Other reserved ports: 4500

Issues? Report them at https://github.com/firebase/firebase-tools/issues and attach the *-debug.log files.
 
[debug] [2024-02-13T16:16:09.207Z] [work-queue] {"queuedWork":["/avatar-b8859/us-central1/addmessage-2024-02-13T16:16:09.207Z"],"queueLength":1,"runningWork":[],"workRunningCount":0}
[debug] [2024-02-13T16:16:09.208Z] [work-queue] {"queuedWork":[],"queueLength":0,"runningWork":["/avatar-b8859/us-central1/addmessage-2024-02-13T16:16:09.207Z"],"workRunningCount":1}
[debug] [2024-02-13T16:16:09.209Z] Accepted request GET /avatar-b8859/us-central1/addmessage?text=uppercaseme --> us-central1-addmessage
[debug] [2024-02-13T16:16:09.212Z] [functions] Runtime ready! Sending request! {"metadata":{"emulator":{"name":"functions"},"message":"[functions] Runtime ready! Sending request!"}}
[debug] [2024-02-13T16:16:09.213Z] [functions] Got req.url=/avatar-b8859/us-central1/addmessage?text=uppercaseme, mapping to path=/?text=uppercaseme {"metadata":{"emulator":{"name":"functions"},"message":"[functions] Got req.url=/avatar-b8859/us-central1/addmessage?text=uppercaseme, mapping to path=/?text=uppercaseme"}}
[debug] [2024-02-13T16:16:09.217Z] [worker-pool] addWorker(us-central1-addmessage) {"metadata":{"emulator":{"name":"functions"},"message":"[worker-pool] addWorker(us-central1-addmessage)"}}
[debug] [2024-02-13T16:16:09.218Z] [worker-pool] Adding worker with key us-central1-addmessage, total=1 {"metadata":{"emulator":{"name":"functions"},"message":"[worker-pool] Adding worker with key us-central1-addmessage, total=1"}}
[debug] [2024-02-13T16:16:09.866Z] [runtime-status] [90008] Resolved module firebase-admin {"declared":true,"installed":true,"version":"11.11.1","resolution":"/Users/bogdansergiu/Documents/REPO/Avatar/functions/node_modules/firebase-admin/lib/index.js"} {"metadata":{"emulator":{"name":"functions"},"function":{"name":"us-central1-addmessage"},"extension":{},"message":"[runtime-status] [90008] Resolved module firebase-admin {\"declared\":true,\"installed\":true,\"version\":\"11.11.1\",\"resolution\":\"/Users/bogdansergiu/Documents/REPO/Avatar/functions/node_modules/firebase-admin/lib/index.js\"}"}}
[debug] [2024-02-13T16:16:09.866Z] [runtime-status] [90008] Resolved module firebase-functions {"declared":true,"installed":true,"version":"4.7.0","resolution":"/Users/bogdansergiu/Documents/REPO/Avatar/functions/node_modules/firebase-functions/lib/v1/index.js"} {"metadata":{"emulator":{"name":"functions"},"function":{"name":"us-central1-addmessage"},"extension":{},"message":"[runtime-status] [90008] Resolved module firebase-functions {\"declared\":true,\"installed\":true,\"version\":\"4.7.0\",\"resolution\":\"/Users/bogdansergiu/Documents/REPO/Avatar/functions/node_modules/firebase-functions/lib/v1/index.js\"}"}}
[debug] [2024-02-13T16:16:09.867Z] [runtime-status] [90008] Outgoing network have been stubbed. [{"name":"http","status":"mocked"},{"name":"http","status":"mocked"},{"name":"https","status":"mocked"},{"name":"https","status":"mocked"},{"name":"net","status":"mocked"}] {"metadata":{"emulator":{"name":"functions"},"function":{"name":"us-central1-addmessage"},"extension":{},"message":"[runtime-status] [90008] Outgoing network have been stubbed. [{\"name\":\"http\",\"status\":\"mocked\"},{\"name\":\"http\",\"status\":\"mocked\"},{\"name\":\"https\",\"status\":\"mocked\"},{\"name\":\"https\",\"status\":\"mocked\"},{\"name\":\"net\",\"status\":\"mocked\"}]"}}
[debug] [2024-02-13T16:16:09.867Z] [runtime-status] [90008] Resolved module firebase-functions {"declared":true,"installed":true,"version":"4.7.0","resolution":"/Users/bogdansergiu/Documents/REPO/Avatar/functions/node_modules/firebase-functions/lib/v1/index.js"} {"metadata":{"emulator":{"name":"functions"},"function":{"name":"us-central1-addmessage"},"extension":{},"message":"[runtime-status] [90008] Resolved module firebase-functions {\"declared\":true,\"installed\":true,\"version\":\"4.7.0\",\"resolution\":\"/Users/bogdansergiu/Documents/REPO/Avatar/functions/node_modules/firebase-functions/lib/v1/index.js\"}"}}
[debug] [2024-02-13T16:16:09.993Z] [runtime-status] [90008] Checked functions.config() {"config":{}} {"metadata":{"emulator":{"name":"functions"},"function":{"name":"us-central1-addmessage"},"extension":{},"message":"[runtime-status] [90008] Checked functions.config() {\"config\":{}}"}}
[debug] [2024-02-13T16:16:09.994Z] [runtime-status] [90008] firebase-functions has been stubbed. {"functionsResolution":{"declared":true,"installed":true,"version":"4.7.0","resolution":"/Users/bogdansergiu/Documents/REPO/Avatar/functions/node_modules/firebase-functions/lib/v1/index.js"}} {"metadata":{"emulator":{"name":"functions"},"function":{"name":"us-central1-addmessage"},"extension":{},"message":"[runtime-status] [90008] firebase-functions has been stubbed. {\"functionsResolution\":{\"declared\":true,\"installed\":true,\"version\":\"4.7.0\",\"resolution\":\"/Users/bogdansergiu/Documents/REPO/Avatar/functions/node_modules/firebase-functions/lib/v1/index.js\"}}"}}
[debug] [2024-02-13T16:16:09.994Z] [runtime-status] [90008] Resolved module firebase-functions {"declared":true,"installed":true,"version":"4.7.0","resolution":"/Users/bogdansergiu/Documents/REPO/Avatar/functions/node_modules/firebase-functions/lib/v1/index.js"} {"metadata":{"emulator":{"name":"functions"},"function":{"name":"us-central1-addmessage"},"extension":{},"message":"[runtime-status] [90008] Resolved module firebase-functions {\"declared\":true,\"installed\":true,\"version\":\"4.7.0\",\"resolution\":\"/Users/bogdansergiu/Documents/REPO/Avatar/functions/node_modules/firebase-functions/lib/v1/index.js\"}"}}
[debug] [2024-02-13T16:16:09.994Z] [runtime-status] [90008] Resolved module firebase-admin {"declared":true,"installed":true,"version":"11.11.1","resolution":"/Users/bogdansergiu/Documents/REPO/Avatar/functions/node_modules/firebase-admin/lib/index.js"} {"metadata":{"emulator":{"name":"functions"},"function":{"name":"us-central1-addmessage"},"extension":{},"message":"[runtime-status] [90008] Resolved module firebase-admin {\"declared\":true,\"installed\":true,\"version\":\"11.11.1\",\"resolution\":\"/Users/bogdansergiu/Documents/REPO/Avatar/functions/node_modules/firebase-admin/lib/index.js\"}"}}
[debug] [2024-02-13T16:16:09.995Z] [runtime-status] [90008] Resolved module firebase-functions {"declared":true,"installed":true,"version":"4.7.0","resolution":"/Users/bogdansergiu/Documents/REPO/Avatar/functions/node_modules/firebase-functions/lib/v1/index.js"} {"metadata":{"emulator":{"name":"functions"},"function":{"name":"us-central1-addmessage"},"extension":{},"message":"[runtime-status] [90008] Resolved module firebase-functions {\"declared\":true,\"installed\":true,\"version\":\"4.7.0\",\"resolution\":\"/Users/bogdansergiu/Documents/REPO/Avatar/functions/node_modules/firebase-functions/lib/v1/index.js\"}"}}
[debug] [2024-02-13T16:16:09.995Z] [runtime-status] [90008] firebase-admin has been stubbed. {"adminResolution":{"declared":true,"installed":true,"version":"11.11.1","resolution":"/Users/bogdansergiu/Documents/REPO/Avatar/functions/node_modules/firebase-admin/lib/index.js"}} {"metadata":{"emulator":{"name":"functions"},"function":{"name":"us-central1-addmessage"},"extension":{},"message":"[runtime-status] [90008] firebase-admin has been stubbed. {\"adminResolution\":{\"declared\":true,\"installed\":true,\"version\":\"11.11.1\",\"resolution\":\"/Users/bogdansergiu/Documents/REPO/Avatar/functions/node_modules/firebase-admin/lib/index.js\"}}"}}
[debug] [2024-02-13T16:16:10.005Z] [runtime-status] [90008] Functions runtime initialized. {"cwd":"/Users/bogdansergiu/Documents/REPO/Avatar/functions","node_version":"20.9.0"} {"metadata":{"emulator":{"name":"functions"},"function":{"name":"us-central1-addmessage"},"extension":{},"message":"[runtime-status] [90008] Functions runtime initialized. {\"cwd\":\"/Users/bogdansergiu/Documents/REPO/Avatar/functions\",\"node_version\":\"20.9.0\"}"}}
[debug] [2024-02-13T16:16:10.005Z] [runtime-status] [90008] Listening to port: /var/folders/wx/ty16b__90rg8ncymxj13ftb80000gn/T/fire_emu_a8d55e15bd5e75c4.sock {"metadata":{"emulator":{"name":"functions"},"function":{"name":"us-central1-addmessage"},"extension":{},"message":"[runtime-status] [90008] Listening to port: /var/folders/wx/ty16b__90rg8ncymxj13ftb80000gn/T/fire_emu_a8d55e15bd5e75c4.sock"}}
[debug] [2024-02-13T16:16:10.035Z] [worker-us-central1-addmessage-99e85891-15e8-4b46-b632-dec4c2c4b1dd]: IDLE {"metadata":{"emulator":{"name":"functions"},"function":{"name":"us-central1-addmessage"},"extension":{},"message":"[worker-us-central1-addmessage-99e85891-15e8-4b46-b632-dec4c2c4b1dd]: IDLE"}}
[debug] [2024-02-13T16:16:10.035Z] [worker-pool] submitRequest(triggerId=us-central1-addmessage) {"metadata":{"emulator":{"name":"functions"},"message":"[worker-pool] submitRequest(triggerId=us-central1-addmessage)"}}
[info] i  functions: Beginning execution of "us-central1-addmessage" {"metadata":{"emulator":{"name":"functions"},"function":{"name":"us-central1-addmessage"},"extension":{},"message":"Beginning execution of \"us-central1-addmessage\""}}
[debug] [2024-02-13T16:16:10.036Z] [worker-us-central1-addmessage-99e85891-15e8-4b46-b632-dec4c2c4b1dd]: BUSY {"metadata":{"emulator":{"name":"functions"},"function":{"name":"us-central1-addmessage"},"extension":{},"message":"[worker-us-central1-addmessage-99e85891-15e8-4b46-b632-dec4c2c4b1dd]: BUSY"}}
[warn] ⚠  Google API requested!
   - URL: "https://oauth2.googleapis.com/token"
   - Be careful, this may be a production service. {"metadata":{"emulator":{"name":"functions"},"function":{"name":"us-central1-addmessage"},"extension":{},"message":"Google API requested!\n   - URL: \"https://oauth2.googleapis.com/token\"\n   - Be careful, this may be a production service."}}
[debug] [2024-02-13T16:16:11.248Z] Finishing up request with event=pause {"metadata":{"emulator":{"name":"functions"},"function":{"name":"us-central1-addmessage"},"extension":{},"message":"Finishing up request with event=pause"}}
[info] i  functions: Finished "us-central1-addmessage" in 1212.6475ms {"metadata":{"emulator":{"name":"functions"},"function":{"name":"us-central1-addmessage"},"extension":{},"message":"Finished \"us-central1-addmessage\" in 1212.6475ms"}}
[debug] [2024-02-13T16:16:11.248Z] [worker-us-central1-addmessage-99e85891-15e8-4b46-b632-dec4c2c4b1dd]: IDLE {"metadata":{"emulator":{"name":"functions"},"function":{"name":"us-central1-addmessage"},"extension":{},"message":"[worker-us-central1-addmessage-99e85891-15e8-4b46-b632-dec4c2c4b1dd]: IDLE"}}
[debug] [2024-02-13T16:16:11.249Z] Finishing up request with event=finish {"metadata":{"emulator":{"name":"functions"},"function":{"name":"us-central1-addmessage"},"extension":{},"message":"Finishing up request with event=finish"}}
[debug] [2024-02-13T16:16:11.249Z] Finishing up request with event=close {"metadata":{"emulator":{"name":"functions"},"function":{"name":"us-central1-addmessage"},"extension":{},"message":"Finishing up request with event=close"}}
[debug] [2024-02-13T16:16:11.249Z] [work-queue] {"queuedWork":[],"queueLength":0,"runningWork":[],"workRunningCount":0}
[debug] [2024-02-13T16:17:08.496Z] [work-queue] {"queuedWork":["/avatar-b8859/us-central1/addmessage-2024-02-13T16:17:08.496Z"],"queueLength":1,"runningWork":[],"workRunningCount":0}
[debug] [2024-02-13T16:17:08.497Z] [work-queue] {"queuedWork":[],"queueLength":0,"runningWork":["/avatar-b8859/us-central1/addmessage-2024-02-13T16:17:08.496Z"],"workRunningCount":1}
[debug] [2024-02-13T16:17:08.497Z] Accepted request GET /avatar-b8859/us-central1/addmessage?text=uppercaseme2323 --> us-central1-addmessage
[debug] [2024-02-13T16:17:08.499Z] [functions] Runtime ready! Sending request! {"metadata":{"emulator":{"name":"functions"},"message":"[functions] Runtime ready! Sending request!"}}
[debug] [2024-02-13T16:17:08.499Z] [functions] Got req.url=/avatar-b8859/us-central1/addmessage?text=uppercaseme2323, mapping to path=/?text=uppercaseme2323 {"metadata":{"emulator":{"name":"functions"},"message":"[functions] Got req.url=/avatar-b8859/us-central1/addmessage?text=uppercaseme2323, mapping to path=/?text=uppercaseme2323"}}
[debug] [2024-02-13T16:17:08.499Z] [worker-pool] submitRequest(triggerId=us-central1-addmessage) {"metadata":{"emulator":{"name":"functions"},"message":"[worker-pool] submitRequest(triggerId=us-central1-addmessage)"}}
[info] i  functions: Beginning execution of "us-central1-addmessage" {"metadata":{"emulator":{"name":"functions"},"function":{"name":"us-central1-addmessage"},"extension":{},"message":"Beginning execution of \"us-central1-addmessage\""}}
[debug] [2024-02-13T16:17:08.500Z] [worker-us-central1-addmessage-99e85891-15e8-4b46-b632-dec4c2c4b1dd]: BUSY {"metadata":{"emulator":{"name":"functions"},"function":{"name":"us-central1-addmessage"},"extension":{},"message":"[worker-us-central1-addmessage-99e85891-15e8-4b46-b632-dec4c2c4b1dd]: BUSY"}}
[debug] [2024-02-13T16:17:08.628Z] Finishing up request with event=pause {"metadata":{"emulator":{"name":"functions"},"function":{"name":"us-central1-addmessage"},"extension":{},"message":"Finishing up request with event=pause"}}
[info] i  functions: Finished "us-central1-addmessage" in 129.092166ms {"metadata":{"emulator":{"name":"functions"},"function":{"name":"us-central1-addmessage"},"extension":{},"message":"Finished \"us-central1-addmessage\" in 129.092166ms"}}
[debug] [2024-02-13T16:17:08.629Z] [worker-us-central1-addmessage-99e85891-15e8-4b46-b632-dec4c2c4b1dd]: IDLE {"metadata":{"emulator":{"name":"functions"},"function":{"name":"us-central1-addmessage"},"extension":{},"message":"[worker-us-central1-addmessage-99e85891-15e8-4b46-b632-dec4c2c4b1dd]: IDLE"}}
[debug] [2024-02-13T16:17:08.630Z] Finishing up request with event=finish {"metadata":{"emulator":{"name":"functions"},"function":{"name":"us-central1-addmessage"},"extension":{},"message":"Finishing up request with event=finish"}}
[debug] [2024-02-13T16:17:08.630Z] Finishing up request with event=close {"metadata":{"emulator":{"name":"functions"},"function":{"name":"us-central1-addmessage"},"extension":{},"message":"Finishing up request with event=close"}}
[debug] [2024-02-13T16:17:08.630Z] [work-queue] {"queuedWork":[],"queueLength":0,"runningWork":[],"workRunningCount":0}
[debug] [2024-02-13T16:20:19.149Z] File /Users/bogdansergiu/Documents/REPO/Avatar/functions/src/index.ts changed, reloading triggers {"metadata":{"emulator":{"name":"functions"},"message":"File /Users/bogdansergiu/Documents/REPO/Avatar/functions/src/index.ts changed, reloading triggers"}}
[debug] [2024-02-13T16:20:20.151Z] Validating nodejs source
[debug] [2024-02-13T16:20:21.868Z] > [functions] package.json contents: {
  "name": "functions",
  "scripts": {
    "build": "tsc",
    "build:watch": "tsc --watch",
    "serve": "npm run build && firebase emulators:start --only functions",
    "shell": "npm run build && firebase functions:shell",
    "start": "npm run shell",
    "deploy": "firebase deploy --only functions",
    "logs": "firebase functions:log"
  },
  "engines": {
    "node": "20"
  },
  "main": "lib/index.js",
  "dependencies": {
    "firebase-admin": "^11.8.0",
    "firebase-functions": "^4.3.1"
  },
  "devDependencies": {
    "typescript": "^4.9.0",
    "firebase-functions-test": "^3.1.0"
  },
  "private": true
}
[debug] [2024-02-13T16:20:21.868Z] Building nodejs source
[debug] [2024-02-13T16:20:21.868Z] Failed to find version of module node: reached end of search path /Users/bogdansergiu/Documents/REPO/Avatar/functions/node_modules
[info] ✔  functions: Using node@20 from host. 
[debug] [2024-02-13T16:20:21.869Z] Could not find functions.yaml. Must use http discovery
[debug] [2024-02-13T16:20:21.870Z] Found firebase-functions binary at '/Users/bogdansergiu/Documents/REPO/Avatar/functions/node_modules/.bin/firebase-functions'
[info] Serving at port 8701

[debug] [2024-02-13T16:20:22.078Z] Got response from /__/functions.yaml {"endpoints":{"addmessage":{"availableMemoryMb":null,"timeoutSeconds":null,"minInstances":null,"maxInstances":null,"ingressSettings":null,"concurrency":null,"serviceAccountEmail":null,"vpc":null,"platform":"gcfv2","labels":{},"httpsTrigger":{},"entryPoint":"addmessage"},"makeuppercase":{"availableMemoryMb":null,"timeoutSeconds":null,"minInstances":null,"maxInstances":null,"ingressSettings":null,"concurrency":null,"serviceAccountEmail":null,"vpc":null,"platform":"gcfv2","labels":{},"eventTrigger":{"eventType":"google.cloud.firestore.document.v1.created","eventFilters":{"database":"(default)","namespace":"(default)"},"eventFilterPathPatterns":{"document":"messages/{documentId}"},"retry":false},"entryPoint":"makeuppercase"}},"specVersion":"v1alpha1","requiredAPIs":[]}
[info] ✔  functions: Loaded functions definitions from source: addmessage, makeuppercase. {"metadata":{"emulator":{"name":"functions"},"message":"Loaded functions definitions from source: addmessage, makeuppercase."}}
[debug] [2024-02-13T16:20:27.092Z] [worker-pool] Shutting down IDLE worker (us-central1-addmessage) {"metadata":{"emulator":{"name":"functions"},"message":"[worker-pool] Shutting down IDLE worker (us-central1-addmessage)"}}
[debug] [2024-02-13T16:20:27.092Z] [worker-us-central1-addmessage-99e85891-15e8-4b46-b632-dec4c2c4b1dd]: FINISHING {"metadata":{"emulator":{"name":"functions"},"function":{"name":"us-central1-addmessage"},"extension":{},"message":"[worker-us-central1-addmessage-99e85891-15e8-4b46-b632-dec4c2c4b1dd]: FINISHING"}}
[debug] [2024-02-13T16:20:27.098Z] [worker-us-central1-addmessage-99e85891-15e8-4b46-b632-dec4c2c4b1dd]: exited {"metadata":{"emulator":{"name":"functions"},"function":{"name":"us-central1-addmessage"},"extension":{},"message":"[worker-us-central1-addmessage-99e85891-15e8-4b46-b632-dec4c2c4b1dd]: exited"}}
[debug] [2024-02-13T16:20:27.098Z] [worker-us-central1-addmessage-99e85891-15e8-4b46-b632-dec4c2c4b1dd]: FINISHED {"metadata":{"emulator":{"name":"functions"},"function":{"name":"us-central1-addmessage"},"extension":{},"message":"[worker-us-central1-addmessage-99e85891-15e8-4b46-b632-dec4c2c4b1dd]: FINISHED"}}
